[2026-02-24 06:51:09Z INFO HostContext] No proxy settings were found based on environmental variables (http_proxy/https_proxy/HTTP_PROXY/HTTPS_PROXY)
[2026-02-24 06:51:09Z INFO HostContext] Well known directory 'Bin': 'C:\Users\a7577\Desktop\iot_cloud_test\actions-runner\bin'
[2026-02-24 06:51:09Z INFO HostContext] Well known directory 'Root': 'C:\Users\a7577\Desktop\iot_cloud_test\actions-runner'
[2026-02-24 06:51:09Z INFO HostContext] Well known config file 'Credentials': 'C:\Users\a7577\Desktop\iot_cloud_test\actions-runner\.credentials'
[2026-02-24 06:51:09Z INFO HostContext] Well known directory 'Bin': 'C:\Users\a7577\Desktop\iot_cloud_test\actions-runner\bin'
[2026-02-24 06:51:09Z INFO HostContext] Well known directory 'Root': 'C:\Users\a7577\Desktop\iot_cloud_test\actions-runner'
[2026-02-24 06:51:09Z INFO HostContext] Well known config file 'Runner': 'C:\Users\a7577\Desktop\iot_cloud_test\actions-runner\.runner'
[2026-02-24 06:51:10Z INFO Listener] Runner is built for Windows (X64) - win-x64.
[2026-02-24 06:51:10Z INFO Listener] RuntimeInformation: Microsoft Windows 10.0.26100.
[2026-02-24 06:51:10Z INFO Listener] Version: 2.331.0
[2026-02-24 06:51:10Z INFO Listener] Commit: 39f6c643d3032f8795fa71f1482731ca90c8e038
[2026-02-24 06:51:10Z INFO Listener] Culture: en-IN
[2026-02-24 06:51:10Z INFO Listener] UI Culture: en-US
[2026-02-24 06:51:10Z INFO HostContext] Well known directory 'Bin': 'C:\Users\a7577\Desktop\iot_cloud_test\actions-runner\bin'
[2026-02-24 06:51:10Z INFO HostContext] Well known directory 'Root': 'C:\Users\a7577\Desktop\iot_cloud_test\actions-runner'
[2026-02-24 06:51:10Z INFO Listener] Validating directory permissions for: 'C:\Users\a7577\Desktop\iot_cloud_test\actions-runner'
[2026-02-24 06:51:10Z INFO CommandLineParser] Parse
[2026-02-24 06:51:10Z INFO CommandLineParser] Parsing 1 args
[2026-02-24 06:51:10Z INFO CommandLineParser] parsing argument
[2026-02-24 06:51:10Z INFO CommandLineParser] HasArgs: False
[2026-02-24 06:51:10Z INFO CommandLineParser] Adding Command: run
[2026-02-24 06:51:10Z INFO Listener] Arguments parsed
[2026-02-24 06:51:10Z INFO Runner] ExecuteCommand
[2026-02-24 06:51:10Z INFO ConfigurationStore] currentAssemblyLocation: C:\Users\a7577\Desktop\iot_cloud_test\actions-runner\bin\Runner.Listener.dll
[2026-02-24 06:51:10Z INFO HostContext] Well known directory 'Bin': 'C:\Users\a7577\Desktop\iot_cloud_test\actions-runner\bin'
[2026-02-24 06:51:10Z INFO ConfigurationStore] binPath: C:\Users\a7577\Desktop\iot_cloud_test\actions-runner\bin
[2026-02-24 06:51:10Z INFO HostContext] Well known directory 'Bin': 'C:\Users\a7577\Desktop\iot_cloud_test\actions-runner\bin'
[2026-02-24 06:51:10Z INFO HostContext] Well known directory 'Root': 'C:\Users\a7577\Desktop\iot_cloud_test\actions-runner'
[2026-02-24 06:51:10Z INFO ConfigurationStore] RootFolder: C:\Users\a7577\Desktop\iot_cloud_test\actions-runner
[2026-02-24 06:51:10Z INFO HostContext] Well known directory 'Bin': 'C:\Users\a7577\Desktop\iot_cloud_test\actions-runner\bin'
[2026-02-24 06:51:10Z INFO HostContext] Well known directory 'Root': 'C:\Users\a7577\Desktop\iot_cloud_test\actions-runner'
[2026-02-24 06:51:10Z INFO HostContext] Well known config file 'Runner': 'C:\Users\a7577\Desktop\iot_cloud_test\actions-runner\.runner'
[2026-02-24 06:51:10Z INFO ConfigurationStore] ConfigFilePath: C:\Users\a7577\Desktop\iot_cloud_test\actions-runner\.runner
[2026-02-24 06:51:10Z INFO HostContext] Well known directory 'Bin': 'C:\Users\a7577\Desktop\iot_cloud_test\actions-runner\bin'
[2026-02-24 06:51:10Z INFO HostContext] Well known directory 'Root': 'C:\Users\a7577\Desktop\iot_cloud_test\actions-runner'
[2026-02-24 06:51:10Z INFO HostContext] Well known config file 'MigratedRunner': 'C:\Users\a7577\Desktop\iot_cloud_test\actions-runner\.runner_migrated'
[2026-02-24 06:51:10Z INFO ConfigurationStore] MigratedConfigFilePath: C:\Users\a7577\Desktop\iot_cloud_test\actions-runner\.runner_migrated
[2026-02-24 06:51:10Z INFO HostContext] Well known directory 'Bin': 'C:\Users\a7577\Desktop\iot_cloud_test\actions-runner\bin'
[2026-02-24 06:51:10Z INFO HostContext] Well known directory 'Root': 'C:\Users\a7577\Desktop\iot_cloud_test\actions-runner'
[2026-02-24 06:51:10Z INFO HostContext] Well known config file 'Credentials': 'C:\Users\a7577\Desktop\iot_cloud_test\actions-runner\.credentials'
[2026-02-24 06:51:10Z INFO ConfigurationStore] CredFilePath: C:\Users\a7577\Desktop\iot_cloud_test\actions-runner\.credentials
[2026-02-24 06:51:10Z INFO HostContext] Well known directory 'Bin': 'C:\Users\a7577\Desktop\iot_cloud_test\actions-runner\bin'
[2026-02-24 06:51:10Z INFO HostContext] Well known directory 'Root': 'C:\Users\a7577\Desktop\iot_cloud_test\actions-runner'
[2026-02-24 06:51:10Z INFO HostContext] Well known config file 'MigratedCredentials': 'C:\Users\a7577\Desktop\iot_cloud_test\actions-runner\.credentials_migrated'
[2026-02-24 06:51:10Z INFO ConfigurationStore] MigratedCredFilePath: C:\Users\a7577\Desktop\iot_cloud_test\actions-runner\.credentials_migrated
[2026-02-24 06:51:10Z INFO HostContext] Well known directory 'Bin': 'C:\Users\a7577\Desktop\iot_cloud_test\actions-runner\bin'
[2026-02-24 06:51:10Z INFO HostContext] Well known directory 'Root': 'C:\Users\a7577\Desktop\iot_cloud_test\actions-runner'
[2026-02-24 06:51:10Z INFO HostContext] Well known config file 'Service': 'C:\Users\a7577\Desktop\iot_cloud_test\actions-runner\.service'
[2026-02-24 06:51:10Z INFO ConfigurationStore] ServiceConfigFilePath: C:\Users\a7577\Desktop\iot_cloud_test\actions-runner\.service
[2026-02-24 06:51:10Z INFO CommandSettings] Flag 'help': 'False'
[2026-02-24 06:51:10Z INFO CommandSettings] Flag 'version': 'False'
[2026-02-24 06:51:10Z INFO CommandSettings] Flag 'commit': 'False'
[2026-02-24 06:51:10Z INFO CommandSettings] Flag 'check': 'False'
[2026-02-24 06:51:10Z INFO CommandSettings] Command 'configure': 'False'
[2026-02-24 06:51:10Z INFO CommandSettings] Command 'remove': 'False'
[2026-02-24 06:51:10Z INFO CommandSettings] Command 'warmup': 'False'
[2026-02-24 06:51:10Z INFO ConfigurationManager] LoadSettings
[2026-02-24 06:51:10Z INFO ConfigurationStore] IsConfigured()
[2026-02-24 06:51:10Z INFO ConfigurationStore] IsConfigured: True
[2026-02-24 06:51:10Z INFO ConfigurationManager] Is configured: True
[2026-02-24 06:51:10Z INFO ConfigurationStore] Read setting file: 401 chars
[2026-02-24 06:51:10Z INFO ConfigurationManager] Settings Loaded
[2026-02-24 06:51:10Z INFO ConfigurationStore] IsServiceConfigured()
[2026-02-24 06:51:10Z INFO ConfigurationStore] IsServiceConfigured: False
[2026-02-24 06:51:10Z INFO CommandSettings] Command 'run': 'True'
[2026-02-24 06:51:10Z INFO ConfigurationStore] IsConfigured()
[2026-02-24 06:51:10Z INFO ConfigurationStore] IsConfigured: True
[2026-02-24 06:51:10Z INFO ConfigurationManager] Is configured: True
[2026-02-24 06:51:10Z INFO Runner] Could not parse the argument value '' for StartupType. Defaulting to Manual
[2026-02-24 06:51:10Z INFO Runner] Set runner startup type - Manual
[2026-02-24 06:51:10Z INFO CommandSettings] Flag 'once': 'False'
[2026-02-24 06:51:10Z INFO CommandSettings] Flag 'once': 'False'
[2026-02-24 06:51:10Z INFO Runner] RunAsync
[2026-02-24 06:51:10Z INFO ConfigurationManager] LoadMigratedSettings
[2026-02-24 06:51:10Z INFO ConfigurationStore] IsMigratedConfigured()
[2026-02-24 06:51:10Z INFO ConfigurationStore] IsMigratedConfigured: False
[2026-02-24 06:51:10Z INFO Runner] Failed to load migrated settings: No migrated configuration found.
[2026-02-24 06:51:10Z INFO Runner] Falling back to original .runner settings
[2026-02-24 06:51:10Z INFO Runner] Using BrokerMessageListener
[2026-02-24 06:51:10Z INFO BrokerMessageListener] Using provided settings
[2026-02-24 06:51:10Z INFO BrokerMessageListener] {
  "AgentId": 2,
  "AgentName": "ARMAAN7876",
  "PoolId": 1,
  "PoolName": "Default",
  "ServerUrl": "https://pipelinesghubeus11.actions.githubusercontent.com/VbOxO0nblvrvXzXV6BBaUjPs7AsxcmAtimXsNUf79bBRuKvLYT/",
  "GitHubUrl": "https://github.com/Armaan-khan786/iot_API_test",
  "WorkFolder": "_work",
  "UseV2Flow": true,
  "ServerUrlV2": "https://broker.actions.githubusercontent.com/"
}
[2026-02-24 06:51:10Z INFO BrokerMessageListener] Loading Credentials
[2026-02-24 06:51:10Z INFO ConfigurationStore] HasCredentials()
[2026-02-24 06:51:10Z INFO ConfigurationStore] stored True
[2026-02-24 06:51:10Z INFO CredentialManager] GetCredentialProvider
[2026-02-24 06:51:10Z INFO CredentialManager] Creating type OAuth
[2026-02-24 06:51:10Z INFO CredentialManager] Creating credential type: OAuth
[2026-02-24 06:51:10Z INFO HostContext] Well known directory 'Bin': 'C:\Users\a7577\Desktop\iot_cloud_test\actions-runner\bin'
[2026-02-24 06:51:10Z INFO HostContext] Well known directory 'Root': 'C:\Users\a7577\Desktop\iot_cloud_test\actions-runner'
[2026-02-24 06:51:10Z INFO HostContext] Well known config file 'RSACredentials': 'C:\Users\a7577\Desktop\iot_cloud_test\actions-runner\.credentials_rsaparams'
[2026-02-24 06:51:10Z INFO RSAEncryptedFileKeyManager] Loading RSA key parameters from file C:\Users\a7577\Desktop\iot_cloud_test\actions-runner\.credentials_rsaparams
[2026-02-24 06:51:10Z INFO BrokerMessageListener] Attempt to create session.
[2026-02-24 06:51:10Z INFO BrokerMessageListener] Connecting to the Broker Server...
[2026-02-24 06:51:10Z INFO ConfigurationStore] HasCredentials()
[2026-02-24 06:51:10Z INFO ConfigurationStore] stored True
[2026-02-24 06:51:10Z INFO CredentialManager] GetCredentialProvider
[2026-02-24 06:51:10Z INFO CredentialManager] Creating type OAuth
[2026-02-24 06:51:10Z INFO CredentialManager] Creating credential type: OAuth
[2026-02-24 06:51:10Z INFO RSAEncryptedFileKeyManager] Loading RSA key parameters from file C:\Users\a7577\Desktop\iot_cloud_test\actions-runner\.credentials_rsaparams
[2026-02-24 06:51:10Z INFO BrokerMessageListener] VssConnection created
[2026-02-24 06:51:10Z INFO BrokerMessageListener] Connecting to the Runner server...
[2026-02-24 06:51:10Z INFO RunnerServer] EstablishVssConnection
[2026-02-24 06:51:10Z INFO RunnerServer] Establish connection with 100 seconds timeout.
[2026-02-24 06:51:10Z INFO GitHubActionsService] Starting operation Location.GetConnectionData
[2026-02-24 06:51:10Z INFO RunnerServer] EstablishVssConnection
[2026-02-24 06:51:10Z INFO RunnerServer] Establish connection with 60 seconds timeout.
[2026-02-24 06:51:10Z INFO GitHubActionsService] Starting operation Location.GetConnectionData
[2026-02-24 06:51:10Z INFO RunnerServer] EstablishVssConnection
[2026-02-24 06:51:10Z INFO RunnerServer] Establish connection with 60 seconds timeout.
[2026-02-24 06:51:10Z INFO GitHubActionsService] Starting operation Location.GetConnectionData
[2026-02-24 06:51:12Z INFO GitHubActionsService] Finished operation Location.GetConnectionData
[2026-02-24 06:51:12Z INFO GitHubActionsService] Finished operation Location.GetConnectionData
[2026-02-24 06:51:12Z INFO GitHubActionsService] Finished operation Location.GetConnectionData
[2026-02-24 06:51:12Z INFO BrokerMessageListener] VssConnection created
[2026-02-24 06:51:12Z INFO Terminal] WRITE LINE: 
[2026-02-24 06:51:12Z INFO Terminal] WRITE LINE: 
[2026-02-24 06:51:12Z INFO RSAEncryptedFileKeyManager] Loading RSA key parameters from file C:\Users\a7577\Desktop\iot_cloud_test\actions-runner\.credentials_rsaparams
[2026-02-24 06:51:12Z INFO RSAEncryptedFileKeyManager] Loading RSA key parameters from file C:\Users\a7577\Desktop\iot_cloud_test\actions-runner\.credentials_rsaparams
[2026-02-24 06:51:14Z INFO GitHubActionsService] AAD Correlation ID for this token request: Unknown
[2026-02-24 06:51:14Z WARN GitHubActionsService] Retrieving an AAD auth token took a long time (2.0689132 seconds)
[2026-02-24 06:51:16Z INFO BrokerMessageListener] Session created.
[2026-02-24 06:51:16Z INFO Terminal] WRITE LINE: Current runner version: '2.331.0'
[2026-02-24 06:51:16Z INFO Terminal] WRITE LINE: 2026-02-24 06:51:16Z: Listening for Jobs
[2026-02-24 06:51:16Z INFO JobDispatcher] Set runner/worker IPC timeout to 30 seconds.
[2026-02-24 06:51:17Z INFO BrokerMessageListener] Acknowledging runner request 'ec035ceb-1c1e-5958-ad84-71530f3afae4'.
[2026-02-24 06:51:17Z INFO ConfigurationStore] HasCredentials()
[2026-02-24 06:51:17Z INFO ConfigurationStore] stored True
[2026-02-24 06:51:17Z INFO CredentialManager] GetCredentialProvider
[2026-02-24 06:51:17Z INFO CredentialManager] Creating type OAuth
[2026-02-24 06:51:17Z INFO CredentialManager] Creating credential type: OAuth
[2026-02-24 06:51:17Z INFO RSAEncryptedFileKeyManager] Loading RSA key parameters from file C:\Users\a7577\Desktop\iot_cloud_test\actions-runner\.credentials_rsaparams
[2026-02-24 06:51:17Z INFO RSAEncryptedFileKeyManager] Loading RSA key parameters from file C:\Users\a7577\Desktop\iot_cloud_test\actions-runner\.credentials_rsaparams
[2026-02-24 06:51:17Z INFO RSAEncryptedFileKeyManager] Loading RSA key parameters from file C:\Users\a7577\Desktop\iot_cloud_test\actions-runner\.credentials_rsaparams
[2026-02-24 06:51:19Z INFO GitHubActionsService] AAD Correlation ID for this token request: Unknown
[2026-02-24 06:51:21Z INFO JobDispatcher] Job request 0 for plan 6e718249-2481-4347-a841-c706076963d4 job ec035ceb-1c1e-5958-ad84-71530f3afae4 received.
[2026-02-24 06:51:21Z INFO JobDispatcher] Pull OrchestrationId 6e718249-2481-4347-a841-c706076963d4.test-esp32.__default from JWT claims
[2026-02-24 06:51:21Z INFO BrokerMessageListener] Received job status event. JobState: Busy
[2026-02-24 06:51:21Z INFO BrokerMessageListener] _getMessagesTokenSource is already disposed.
[2026-02-24 06:51:21Z INFO Terminal] WRITE LINE: 2026-02-24 06:51:21Z: Running job: test-esp32
[2026-02-24 06:51:21Z INFO JobDispatcher] Start renew job request 0 for job ec035ceb-1c1e-5958-ad84-71530f3afae4.
[2026-02-24 06:51:22Z INFO JobDispatcher] Successfully renew job ec035ceb-1c1e-5958-ad84-71530f3afae4, job is valid till 24-02-2026 07:01:22
[2026-02-24 06:51:22Z INFO HostContext] Well known directory 'Bin': 'C:\Users\a7577\Desktop\iot_cloud_test\actions-runner\bin'
[2026-02-24 06:51:22Z INFO ProcessInvokerWrapper] Starting process:
[2026-02-24 06:51:22Z INFO ProcessInvokerWrapper]   File name: 'C:\Users\a7577\Desktop\iot_cloud_test\actions-runner\bin\Runner.Worker.exe'
[2026-02-24 06:51:22Z INFO ProcessInvokerWrapper]   Arguments: 'spawnclient 2240 2248'
[2026-02-24 06:51:22Z INFO ProcessInvokerWrapper]   Working directory: 'C:\Users\a7577\Desktop\iot_cloud_test\actions-runner\bin'
[2026-02-24 06:51:22Z INFO ProcessInvokerWrapper]   Require exit code zero: 'False'
[2026-02-24 06:51:22Z INFO ProcessInvokerWrapper]   Encoding web name:  ; code page: ''
[2026-02-24 06:51:22Z INFO ProcessInvokerWrapper]   Force kill process on cancellation: 'True'
[2026-02-24 06:51:22Z INFO ProcessInvokerWrapper]   Redirected STDIN: 'False'
[2026-02-24 06:51:22Z INFO ProcessInvokerWrapper]   Persist current code page: 'False'
[2026-02-24 06:51:22Z INFO ProcessInvokerWrapper]   Keep redirected STDIN open: 'False'
[2026-02-24 06:51:22Z INFO ProcessInvokerWrapper]   High priority process: 'True'
[2026-02-24 06:51:23Z INFO ProcessInvokerWrapper] Process started with process id 10800, waiting for process exit.
[2026-02-24 06:51:23Z INFO JobDispatcher] Send job request message to worker for job ec035ceb-1c1e-5958-ad84-71530f3afae4.
[2026-02-24 06:51:23Z INFO ProcessChannel] Sending message of length 21894, with hash '10d92f4071ae1b61a24fb906ad55b9c254ca55ca71e9d69b8a3ed9203ce1fcd2'
[2026-02-24 06:51:23Z INFO JobNotification] Entering JobStarted Notification
[2026-02-24 06:51:23Z INFO JobNotification] Entering StartMonitor
[2026-02-24 06:52:23Z INFO JobDispatcher] Successfully renew job ec035ceb-1c1e-5958-ad84-71530f3afae4, job is valid till 24-02-2026 07:02:23
[2026-02-24 06:53:23Z INFO JobDispatcher] Successfully renew job ec035ceb-1c1e-5958-ad84-71530f3afae4, job is valid till 24-02-2026 07:03:23
[2026-02-24 06:53:42Z INFO ProcessInvokerWrapper] STDOUT/STDERR stream read finished.
[2026-02-24 06:53:42Z INFO ProcessInvokerWrapper] STDOUT/STDERR stream read finished.
[2026-02-24 06:53:42Z INFO ProcessInvokerWrapper] Finished process 10800 with exit code 102, and elapsed time 00:02:19.3382155.
[2026-02-24 06:53:42Z INFO JobDispatcher] Worker finished for job ec035ceb-1c1e-5958-ad84-71530f3afae4. Code: 102
[2026-02-24 06:53:42Z INFO JobDispatcher] finish job request for job ec035ceb-1c1e-5958-ad84-71530f3afae4 with result: Failed
[2026-02-24 06:53:42Z INFO Terminal] WRITE LINE: 2026-02-24 06:53:42Z: Job test-esp32 completed with result: Failed
[2026-02-24 06:53:42Z INFO JobDispatcher] Stop renew job request for job ec035ceb-1c1e-5958-ad84-71530f3afae4.
[2026-02-24 06:53:42Z INFO JobDispatcher] job renew has been cancelled, stop renew job ec035ceb-1c1e-5958-ad84-71530f3afae4.
[2026-02-24 06:53:42Z INFO JobNotification] Entering JobCompleted Notification
[2026-02-24 06:53:42Z INFO JobNotification] Entering EndMonitor
[2026-02-24 06:53:42Z INFO BrokerMessageListener] Received job status event. JobState: Online
[2026-02-24 06:53:42Z WARN GitHubActionsService] GET request to https://broker.actions.githubusercontent.com/message?sessionId=69564d31-f9be-48a5-b892-fbf8479611cc&status=Busy&runnerVersion=2.331.0&os=Windows&architecture=X64&disableUpdate=false has been cancelled.
[2026-02-24 06:53:42Z ERR  BrokerServer] Catch exception during request
[2026-02-24 06:53:42Z ERR  BrokerServer] System.Threading.Tasks.TaskCanceledException: The operation was canceled.
 ---> System.Threading.Tasks.TaskCanceledException: The operation was canceled.
 ---> System.IO.IOException: Unable to read data from the transport connection: The I/O operation has been aborted because of either a thread exit or an application request..
 ---> System.Net.Sockets.SocketException (995): The I/O operation has been aborted because of either a thread exit or an application request.
   --- End of inner exception stack trace ---
   at System.Net.Sockets.Socket.AwaitableSocketAsyncEventArgs.ThrowException(SocketError error, CancellationToken cancellationToken)
   at System.Net.Sockets.Socket.AwaitableSocketAsyncEventArgs.System.Threading.Tasks.Sources.IValueTaskSource<System.Int32>.GetResult(Int16 token)
   at System.Net.Security.SslStream.EnsureFullTlsFrameAsync[TIOAdapter](CancellationToken cancellationToken, Int32 estimatedSize)
   at System.Runtime.CompilerServices.PoolingAsyncValueTaskMethodBuilder`1.StateMachineBox`1.System.Threading.Tasks.Sources.IValueTaskSource<TResult>.GetResult(Int16 token)
   at System.Net.Security.SslStream.ReadAsyncInternal[TIOAdapter](Memory`1 buffer, CancellationToken cancellationToken)
   at System.Runtime.CompilerServices.PoolingAsyncValueTaskMethodBuilder`1.StateMachineBox`1.System.Threading.Tasks.Sources.IValueTaskSource<TResult>.GetResult(Int16 token)
   at System.Net.Http.HttpConnection.SendAsync(HttpRequestMessage request, Boolean async, CancellationToken cancellationToken)
   --- End of inner exception stack trace ---
   at System.Net.Http.HttpConnection.SendAsync(HttpRequestMessage request, Boolean async, CancellationToken cancellationToken)
   at System.Net.Http.AuthenticationHelper.SendWithNtAuthAsync(HttpRequestMessage request, Uri authUri, Boolean async, ICredentials credentials, Boolean isProxyAuth, HttpConnection connection, HttpConnectionPool connectionPool, CancellationToken cancellationToken)
   at System.Net.Http.HttpConnectionPool.SendWithVersionDetectionAndRetryAsync(HttpRequestMessage request, Boolean async, Boolean doRequestAuth, CancellationToken cancellationToken)
   at System.Net.Http.AuthenticationHelper.SendWithAuthAsync(HttpRequestMessage request, Uri authUri, Boolean async, ICredentials credentials, Boolean preAuthenticate, Boolean isProxyAuth, Boolean doRequestAuth, HttpConnectionPool pool, CancellationToken cancellationToken)
   at System.Net.Http.RedirectHandler.SendAsync(HttpRequestMessage request, Boolean async, CancellationToken cancellationToken)
   at GitHub.Services.Common.RawHttpMessageHandler.SendAsync(HttpRequestMessage request, CancellationToken cancellationToken)
   at GitHub.Services.Common.VssHttpRetryMessageHandler.SendAsync(HttpRequestMessage request, CancellationToken cancellationToken)
   at System.Net.Http.HttpClient.<SendAsync>g__Core|83_0(HttpRequestMessage request, HttpCompletionOption completionOption, CancellationTokenSource cts, Boolean disposeCts, CancellationTokenSource pendingRequestsCts, CancellationToken originalCancellationToken)
   --- End of inner exception stack trace ---
   at System.Net.Http.HttpClient.HandleFailure(Exception e, Boolean telemetryStarted, HttpResponseMessage response, CancellationTokenSource cts, CancellationToken cancellationToken, CancellationTokenSource pendingRequestsCts)
   at System.Net.Http.HttpClient.<SendAsync>g__Core|83_0(HttpRequestMessage request, HttpCompletionOption completionOption, CancellationTokenSource cts, Boolean disposeCts, CancellationTokenSource pendingRequestsCts, CancellationToken originalCancellationToken)
   at Sdk.WebApi.WebApi.RawHttpClientBase.SendAsync(HttpRequestMessage message, HttpCompletionOption completionOption, Object userState, CancellationToken cancellationToken)
   at Sdk.WebApi.WebApi.RawHttpClientBase.SendAsync[T](HttpRequestMessage message, Boolean readErrorBody, Object userState, CancellationToken cancellationToken)
   at Sdk.WebApi.WebApi.RawHttpClientBase.SendAsync[T](HttpMethod method, IEnumerable`1 additionalHeaders, Uri requestUri, HttpContent content, IEnumerable`1 queryParameters, Boolean readErrorBody, Object userState, CancellationToken cancellationToken)
   at GitHub.Actions.RunService.WebApi.BrokerHttpClient.GetRunnerMessageAsync(Nullable`1 sessionId, String runnerVersion, Nullable`1 status, String os, String architecture, Nullable`1 disableUpdate, CancellationToken cancellationToken)
   at GitHub.Runner.Common.BrokerServer.<>c__DisplayClass7_0.<<GetRunnerMessageAsync>b__0>d.MoveNext()
--- End of stack trace from previous location ---
   at GitHub.Runner.Common.RunnerService.RetryRequest[T](Func`1 func, CancellationToken cancellationToken, Int32 maxAttempts, Func`2 shouldRetry)
[2026-02-24 06:53:42Z ERR  BrokerServer] #####################################################
[2026-02-24 06:53:42Z ERR  BrokerServer] System.Threading.Tasks.TaskCanceledException: The operation was canceled.
 ---> System.IO.IOException: Unable to read data from the transport connection: The I/O operation has been aborted because of either a thread exit or an application request..
 ---> System.Net.Sockets.SocketException (995): The I/O operation has been aborted because of either a thread exit or an application request.
   --- End of inner exception stack trace ---
   at System.Net.Sockets.Socket.AwaitableSocketAsyncEventArgs.ThrowException(SocketError error, CancellationToken cancellationToken)
   at System.Net.Sockets.Socket.AwaitableSocketAsyncEventArgs.System.Threading.Tasks.Sources.IValueTaskSource<System.Int32>.GetResult(Int16 token)
   at System.Net.Security.SslStream.EnsureFullTlsFrameAsync[TIOAdapter](CancellationToken cancellationToken, Int32 estimatedSize)
   at System.Runtime.CompilerServices.PoolingAsyncValueTaskMethodBuilder`1.StateMachineBox`1.System.Threading.Tasks.Sources.IValueTaskSource<TResult>.GetResult(Int16 token)
   at System.Net.Security.SslStream.ReadAsyncInternal[TIOAdapter](Memory`1 buffer, CancellationToken cancellationToken)
   at System.Runtime.CompilerServices.PoolingAsyncValueTaskMethodBuilder`1.StateMachineBox`1.System.Threading.Tasks.Sources.IValueTaskSource<TResult>.GetResult(Int16 token)
   at System.Net.Http.HttpConnection.SendAsync(HttpRequestMessage request, Boolean async, CancellationToken cancellationToken)
   --- End of inner exception stack trace ---
   at System.Net.Http.HttpConnection.SendAsync(HttpRequestMessage request, Boolean async, CancellationToken cancellationToken)
   at System.Net.Http.AuthenticationHelper.SendWithNtAuthAsync(HttpRequestMessage request, Uri authUri, Boolean async, ICredentials credentials, Boolean isProxyAuth, HttpConnection connection, HttpConnectionPool connectionPool, CancellationToken cancellationToken)
   at System.Net.Http.HttpConnectionPool.SendWithVersionDetectionAndRetryAsync(HttpRequestMessage request, Boolean async, Boolean doRequestAuth, CancellationToken cancellationToken)
   at System.Net.Http.AuthenticationHelper.SendWithAuthAsync(HttpRequestMessage request, Uri authUri, Boolean async, ICredentials credentials, Boolean preAuthenticate, Boolean isProxyAuth, Boolean doRequestAuth, HttpConnectionPool pool, CancellationToken cancellationToken)
   at System.Net.Http.RedirectHandler.SendAsync(HttpRequestMessage request, Boolean async, CancellationToken cancellationToken)
   at GitHub.Services.Common.RawHttpMessageHandler.SendAsync(HttpRequestMessage request, CancellationToken cancellationToken)
   at GitHub.Services.Common.VssHttpRetryMessageHandler.SendAsync(HttpRequestMessage request, CancellationToken cancellationToken)
   at System.Net.Http.HttpClient.<SendAsync>g__Core|83_0(HttpRequestMessage request, HttpCompletionOption completionOption, CancellationTokenSource cts, Boolean disposeCts, CancellationTokenSource pendingRequestsCts, CancellationToken originalCancellationToken)
[2026-02-24 06:53:42Z ERR  BrokerServer] #####################################################
[2026-02-24 06:53:42Z ERR  BrokerServer] System.IO.IOException: Unable to read data from the transport connection: The I/O operation has been aborted because of either a thread exit or an application request..
 ---> System.Net.Sockets.SocketException (995): The I/O operation has been aborted because of either a thread exit or an application request.
   --- End of inner exception stack trace ---
   at System.Net.Sockets.Socket.AwaitableSocketAsyncEventArgs.ThrowException(SocketError error, CancellationToken cancellationToken)
   at System.Net.Sockets.Socket.AwaitableSocketAsyncEventArgs.System.Threading.Tasks.Sources.IValueTaskSource<System.Int32>.GetResult(Int16 token)
   at System.Net.Security.SslStream.EnsureFullTlsFrameAsync[TIOAdapter](CancellationToken cancellationToken, Int32 estimatedSize)
   at System.Runtime.CompilerServices.PoolingAsyncValueTaskMethodBuilder`1.StateMachineBox`1.System.Threading.Tasks.Sources.IValueTaskSource<TResult>.GetResult(Int16 token)
   at System.Net.Security.SslStream.ReadAsyncInternal[TIOAdapter](Memory`1 buffer, CancellationToken cancellationToken)
   at System.Runtime.CompilerServices.PoolingAsyncValueTaskMethodBuilder`1.StateMachineBox`1.System.Threading.Tasks.Sources.IValueTaskSource<TResult>.GetResult(Int16 token)
   at System.Net.Http.HttpConnection.SendAsync(HttpRequestMessage request, Boolean async, CancellationToken cancellationToken)
[2026-02-24 06:53:42Z ERR  BrokerServer] #####################################################
[2026-02-24 06:53:42Z ERR  BrokerServer] System.Net.Sockets.SocketException (995): The I/O operation has been aborted because of either a thread exit or an application request.
[2026-02-24 06:53:42Z WARN BrokerServer] Back off 10.353 seconds before next retry. 4 attempt left.
[2026-02-24 06:53:42Z INFO BrokerMessageListener] Get messages has been cancelled using local token source. Continue to get messages with new status.
[2026-02-24 06:54:14Z INFO BrokerMessageListener] Acknowledging runner request 'f0ba6808-6dd8-56b0-9e93-fd8ab25ebff2'.
[2026-02-24 06:54:14Z INFO ConfigurationStore] HasCredentials()
[2026-02-24 06:54:14Z INFO ConfigurationStore] stored True
[2026-02-24 06:54:14Z INFO CredentialManager] GetCredentialProvider
[2026-02-24 06:54:14Z INFO CredentialManager] Creating type OAuth
[2026-02-24 06:54:14Z INFO CredentialManager] Creating credential type: OAuth
[2026-02-24 06:54:14Z INFO RSAEncryptedFileKeyManager] Loading RSA key parameters from file C:\Users\a7577\Desktop\iot_cloud_test\actions-runner\.credentials_rsaparams
[2026-02-24 06:54:14Z INFO RSAEncryptedFileKeyManager] Loading RSA key parameters from file C:\Users\a7577\Desktop\iot_cloud_test\actions-runner\.credentials_rsaparams
[2026-02-24 06:54:14Z INFO RSAEncryptedFileKeyManager] Loading RSA key parameters from file C:\Users\a7577\Desktop\iot_cloud_test\actions-runner\.credentials_rsaparams
[2026-02-24 06:54:16Z INFO GitHubActionsService] AAD Correlation ID for this token request: Unknown
[2026-02-24 06:54:18Z INFO JobDispatcher] Job request 0 for plan 72959644-4358-49ba-9801-ed12037315f1 job f0ba6808-6dd8-56b0-9e93-fd8ab25ebff2 received.
[2026-02-24 06:54:18Z INFO JobDispatcher] Pull OrchestrationId 72959644-4358-49ba-9801-ed12037315f1.test-esp32.__default from JWT claims
[2026-02-24 06:54:18Z INFO BrokerMessageListener] Received job status event. JobState: Busy
[2026-02-24 06:54:18Z INFO BrokerMessageListener] _getMessagesTokenSource is already disposed.
[2026-02-24 06:54:18Z INFO JobDispatcher] Job request ec035ceb-1c1e-5958-ad84-71530f3afae4 processed succeed.
[2026-02-24 06:54:18Z INFO Terminal] WRITE LINE: 2026-02-24 06:54:18Z: Running job: test-esp32
[2026-02-24 06:54:18Z INFO JobDispatcher] Start renew job request 0 for job f0ba6808-6dd8-56b0-9e93-fd8ab25ebff2.
[2026-02-24 06:54:20Z INFO JobDispatcher] Successfully renew job f0ba6808-6dd8-56b0-9e93-fd8ab25ebff2, job is valid till 24-02-2026 07:04:20
[2026-02-24 06:54:20Z INFO HostContext] Well known directory 'Bin': 'C:\Users\a7577\Desktop\iot_cloud_test\actions-runner\bin'
[2026-02-24 06:54:20Z INFO ProcessInvokerWrapper] Starting process:
[2026-02-24 06:54:20Z INFO ProcessInvokerWrapper]   File name: 'C:\Users\a7577\Desktop\iot_cloud_test\actions-runner\bin\Runner.Worker.exe'
[2026-02-24 06:54:20Z INFO ProcessInvokerWrapper]   Arguments: 'spawnclient 2324 2168'
[2026-02-24 06:54:20Z INFO ProcessInvokerWrapper]   Working directory: 'C:\Users\a7577\Desktop\iot_cloud_test\actions-runner\bin'
[2026-02-24 06:54:20Z INFO ProcessInvokerWrapper]   Require exit code zero: 'False'
[2026-02-24 06:54:20Z INFO ProcessInvokerWrapper]   Encoding web name:  ; code page: ''
[2026-02-24 06:54:20Z INFO ProcessInvokerWrapper]   Force kill process on cancellation: 'True'
[2026-02-24 06:54:20Z INFO ProcessInvokerWrapper]   Redirected STDIN: 'False'
[2026-02-24 06:54:20Z INFO ProcessInvokerWrapper]   Persist current code page: 'False'
[2026-02-24 06:54:20Z INFO ProcessInvokerWrapper]   Keep redirected STDIN open: 'False'
[2026-02-24 06:54:20Z INFO ProcessInvokerWrapper]   High priority process: 'True'
[2026-02-24 06:54:20Z INFO ProcessInvokerWrapper] Process started with process id 11776, waiting for process exit.
[2026-02-24 06:54:20Z INFO JobDispatcher] Send job request message to worker for job f0ba6808-6dd8-56b0-9e93-fd8ab25ebff2.
[2026-02-24 06:54:20Z INFO ProcessChannel] Sending message of length 21750, with hash 'd0c90bc2072c4d8db70e3ec87f9ade241aaf849c07acaae04f1525dd682f1c70'
[2026-02-24 06:54:20Z INFO JobNotification] Entering JobStarted Notification
[2026-02-24 06:54:20Z INFO JobNotification] Entering StartMonitor
[2026-02-24 06:55:20Z INFO JobDispatcher] Successfully renew job f0ba6808-6dd8-56b0-9e93-fd8ab25ebff2, job is valid till 24-02-2026 07:05:20
[2026-02-24 06:56:21Z INFO JobDispatcher] Successfully renew job f0ba6808-6dd8-56b0-9e93-fd8ab25ebff2, job is valid till 24-02-2026 07:06:21
[2026-02-24 06:57:04Z INFO ProcessInvokerWrapper] STDOUT/STDERR stream read finished.
[2026-02-24 06:57:04Z INFO ProcessInvokerWrapper] STDOUT/STDERR stream read finished.
[2026-02-24 06:57:04Z INFO ProcessInvokerWrapper] Finished process 11776 with exit code 102, and elapsed time 00:02:44.3899318.
[2026-02-24 06:57:04Z INFO JobDispatcher] Worker finished for job f0ba6808-6dd8-56b0-9e93-fd8ab25ebff2. Code: 102
[2026-02-24 06:57:04Z INFO JobDispatcher] finish job request for job f0ba6808-6dd8-56b0-9e93-fd8ab25ebff2 with result: Failed
[2026-02-24 06:57:04Z INFO Terminal] WRITE LINE: 2026-02-24 06:57:04Z: Job test-esp32 completed with result: Failed
[2026-02-24 06:57:04Z INFO JobDispatcher] Stop renew job request for job f0ba6808-6dd8-56b0-9e93-fd8ab25ebff2.
[2026-02-24 06:57:04Z INFO JobDispatcher] job renew has been cancelled, stop renew job f0ba6808-6dd8-56b0-9e93-fd8ab25ebff2.
[2026-02-24 06:57:04Z INFO JobNotification] Entering JobCompleted Notification
[2026-02-24 06:57:04Z INFO JobNotification] Entering EndMonitor
[2026-02-24 06:57:04Z INFO BrokerMessageListener] Received job status event. JobState: Online
[2026-02-24 06:57:04Z WARN GitHubActionsService] GET request to https://broker.actions.githubusercontent.com/message?sessionId=69564d31-f9be-48a5-b892-fbf8479611cc&status=Busy&runnerVersion=2.331.0&os=Windows&architecture=X64&disableUpdate=false has been cancelled.
[2026-02-24 06:57:04Z ERR  BrokerServer] Catch exception during request
[2026-02-24 06:57:04Z ERR  BrokerServer] System.Threading.Tasks.TaskCanceledException: The operation was canceled.
 ---> System.Threading.Tasks.TaskCanceledException: The operation was canceled.
 ---> System.IO.IOException: Unable to read data from the transport connection: The I/O operation has been aborted because of either a thread exit or an application request..
 ---> System.Net.Sockets.SocketException (995): The I/O operation has been aborted because of either a thread exit or an application request.
   --- End of inner exception stack trace ---
   at System.Net.Sockets.Socket.AwaitableSocketAsyncEventArgs.ThrowException(SocketError error, CancellationToken cancellationToken)
   at System.Net.Sockets.Socket.AwaitableSocketAsyncEventArgs.System.Threading.Tasks.Sources.IValueTaskSource<System.Int32>.GetResult(Int16 token)
   at System.Net.Security.SslStream.EnsureFullTlsFrameAsync[TIOAdapter](CancellationToken cancellationToken, Int32 estimatedSize)
   at System.Runtime.CompilerServices.PoolingAsyncValueTaskMethodBuilder`1.StateMachineBox`1.System.Threading.Tasks.Sources.IValueTaskSource<TResult>.GetResult(Int16 token)
   at System.Net.Security.SslStream.ReadAsyncInternal[TIOAdapter](Memory`1 buffer, CancellationToken cancellationToken)
   at System.Runtime.CompilerServices.PoolingAsyncValueTaskMethodBuilder`1.StateMachineBox`1.System.Threading.Tasks.Sources.IValueTaskSource<TResult>.GetResult(Int16 token)
   at System.Net.Http.HttpConnection.SendAsync(HttpRequestMessage request, Boolean async, CancellationToken cancellationToken)
   --- End of inner exception stack trace ---
   at System.Net.Http.HttpConnection.SendAsync(HttpRequestMessage request, Boolean async, CancellationToken cancellationToken)
   at System.Net.Http.AuthenticationHelper.SendWithNtAuthAsync(HttpRequestMessage request, Uri authUri, Boolean async, ICredentials credentials, Boolean isProxyAuth, HttpConnection connection, HttpConnectionPool connectionPool, CancellationToken cancellationToken)
   at System.Net.Http.HttpConnectionPool.SendWithVersionDetectionAndRetryAsync(HttpRequestMessage request, Boolean async, Boolean doRequestAuth, CancellationToken cancellationToken)
   at System.Net.Http.AuthenticationHelper.SendWithAuthAsync(HttpRequestMessage request, Uri authUri, Boolean async, ICredentials credentials, Boolean preAuthenticate, Boolean isProxyAuth, Boolean doRequestAuth, HttpConnectionPool pool, CancellationToken cancellationToken)
   at System.Net.Http.RedirectHandler.SendAsync(HttpRequestMessage request, Boolean async, CancellationToken cancellationToken)
   at GitHub.Services.Common.RawHttpMessageHandler.SendAsync(HttpRequestMessage request, CancellationToken cancellationToken)
   at GitHub.Services.Common.VssHttpRetryMessageHandler.SendAsync(HttpRequestMessage request, CancellationToken cancellationToken)
   at System.Net.Http.HttpClient.<SendAsync>g__Core|83_0(HttpRequestMessage request, HttpCompletionOption completionOption, CancellationTokenSource cts, Boolean disposeCts, CancellationTokenSource pendingRequestsCts, CancellationToken originalCancellationToken)
   --- End of inner exception stack trace ---
   at System.Net.Http.HttpClient.HandleFailure(Exception e, Boolean telemetryStarted, HttpResponseMessage response, CancellationTokenSource cts, CancellationToken cancellationToken, CancellationTokenSource pendingRequestsCts)
   at System.Net.Http.HttpClient.<SendAsync>g__Core|83_0(HttpRequestMessage request, HttpCompletionOption completionOption, CancellationTokenSource cts, Boolean disposeCts, CancellationTokenSource pendingRequestsCts, CancellationToken originalCancellationToken)
   at Sdk.WebApi.WebApi.RawHttpClientBase.SendAsync(HttpRequestMessage message, HttpCompletionOption completionOption, Object userState, CancellationToken cancellationToken)
   at Sdk.WebApi.WebApi.RawHttpClientBase.SendAsync[T](HttpRequestMessage message, Boolean readErrorBody, Object userState, CancellationToken cancellationToken)
   at Sdk.WebApi.WebApi.RawHttpClientBase.SendAsync[T](HttpMethod method, IEnumerable`1 additionalHeaders, Uri requestUri, HttpContent content, IEnumerable`1 queryParameters, Boolean readErrorBody, Object userState, CancellationToken cancellationToken)
   at GitHub.Actions.RunService.WebApi.BrokerHttpClient.GetRunnerMessageAsync(Nullable`1 sessionId, String runnerVersion, Nullable`1 status, String os, String architecture, Nullable`1 disableUpdate, CancellationToken cancellationToken)
   at GitHub.Runner.Common.BrokerServer.<>c__DisplayClass7_0.<<GetRunnerMessageAsync>b__0>d.MoveNext()
--- End of stack trace from previous location ---
   at GitHub.Runner.Common.RunnerService.RetryRequest[T](Func`1 func, CancellationToken cancellationToken, Int32 maxAttempts, Func`2 shouldRetry)
[2026-02-24 06:57:04Z ERR  BrokerServer] #####################################################
[2026-02-24 06:57:04Z ERR  BrokerServer] System.Threading.Tasks.TaskCanceledException: The operation was canceled.
 ---> System.IO.IOException: Unable to read data from the transport connection: The I/O operation has been aborted because of either a thread exit or an application request..
 ---> System.Net.Sockets.SocketException (995): The I/O operation has been aborted because of either a thread exit or an application request.
   --- End of inner exception stack trace ---
   at System.Net.Sockets.Socket.AwaitableSocketAsyncEventArgs.ThrowException(SocketError error, CancellationToken cancellationToken)
   at System.Net.Sockets.Socket.AwaitableSocketAsyncEventArgs.System.Threading.Tasks.Sources.IValueTaskSource<System.Int32>.GetResult(Int16 token)
   at System.Net.Security.SslStream.EnsureFullTlsFrameAsync[TIOAdapter](CancellationToken cancellationToken, Int32 estimatedSize)
   at System.Runtime.CompilerServices.PoolingAsyncValueTaskMethodBuilder`1.StateMachineBox`1.System.Threading.Tasks.Sources.IValueTaskSource<TResult>.GetResult(Int16 token)
   at System.Net.Security.SslStream.ReadAsyncInternal[TIOAdapter](Memory`1 buffer, CancellationToken cancellationToken)
   at System.Runtime.CompilerServices.PoolingAsyncValueTaskMethodBuilder`1.StateMachineBox`1.System.Threading.Tasks.Sources.IValueTaskSource<TResult>.GetResult(Int16 token)
   at System.Net.Http.HttpConnection.SendAsync(HttpRequestMessage request, Boolean async, CancellationToken cancellationToken)
   --- End of inner exception stack trace ---
   at System.Net.Http.HttpConnection.SendAsync(HttpRequestMessage request, Boolean async, CancellationToken cancellationToken)
   at System.Net.Http.AuthenticationHelper.SendWithNtAuthAsync(HttpRequestMessage request, Uri authUri, Boolean async, ICredentials credentials, Boolean isProxyAuth, HttpConnection connection, HttpConnectionPool connectionPool, CancellationToken cancellationToken)
   at System.Net.Http.HttpConnectionPool.SendWithVersionDetectionAndRetryAsync(HttpRequestMessage request, Boolean async, Boolean doRequestAuth, CancellationToken cancellationToken)
   at System.Net.Http.AuthenticationHelper.SendWithAuthAsync(HttpRequestMessage request, Uri authUri, Boolean async, ICredentials credentials, Boolean preAuthenticate, Boolean isProxyAuth, Boolean doRequestAuth, HttpConnectionPool pool, CancellationToken cancellationToken)
   at System.Net.Http.RedirectHandler.SendAsync(HttpRequestMessage request, Boolean async, CancellationToken cancellationToken)
   at GitHub.Services.Common.RawHttpMessageHandler.SendAsync(HttpRequestMessage request, CancellationToken cancellationToken)
   at GitHub.Services.Common.VssHttpRetryMessageHandler.SendAsync(HttpRequestMessage request, CancellationToken cancellationToken)
   at System.Net.Http.HttpClient.<SendAsync>g__Core|83_0(HttpRequestMessage request, HttpCompletionOption completionOption, CancellationTokenSource cts, Boolean disposeCts, CancellationTokenSource pendingRequestsCts, CancellationToken originalCancellationToken)
[2026-02-24 06:57:04Z ERR  BrokerServer] #####################################################
[2026-02-24 06:57:04Z ERR  BrokerServer] System.IO.IOException: Unable to read data from the transport connection: The I/O operation has been aborted because of either a thread exit or an application request..
 ---> System.Net.Sockets.SocketException (995): The I/O operation has been aborted because of either a thread exit or an application request.
   --- End of inner exception stack trace ---
   at System.Net.Sockets.Socket.AwaitableSocketAsyncEventArgs.ThrowException(SocketError error, CancellationToken cancellationToken)
   at System.Net.Sockets.Socket.AwaitableSocketAsyncEventArgs.System.Threading.Tasks.Sources.IValueTaskSource<System.Int32>.GetResult(Int16 token)
   at System.Net.Security.SslStream.EnsureFullTlsFrameAsync[TIOAdapter](CancellationToken cancellationToken, Int32 estimatedSize)
   at System.Runtime.CompilerServices.PoolingAsyncValueTaskMethodBuilder`1.StateMachineBox`1.System.Threading.Tasks.Sources.IValueTaskSource<TResult>.GetResult(Int16 token)
   at System.Net.Security.SslStream.ReadAsyncInternal[TIOAdapter](Memory`1 buffer, CancellationToken cancellationToken)
   at System.Runtime.CompilerServices.PoolingAsyncValueTaskMethodBuilder`1.StateMachineBox`1.System.Threading.Tasks.Sources.IValueTaskSource<TResult>.GetResult(Int16 token)
   at System.Net.Http.HttpConnection.SendAsync(HttpRequestMessage request, Boolean async, CancellationToken cancellationToken)
[2026-02-24 06:57:04Z ERR  BrokerServer] #####################################################
[2026-02-24 06:57:04Z ERR  BrokerServer] System.Net.Sockets.SocketException (995): The I/O operation has been aborted because of either a thread exit or an application request.
[2026-02-24 06:57:04Z WARN BrokerServer] Back off 13.6 seconds before next retry. 4 attempt left.
[2026-02-24 06:57:04Z INFO BrokerMessageListener] Get messages has been cancelled using local token source. Continue to get messages with new status.
[2026-02-24 06:57:50Z INFO BrokerMessageListener] Acknowledging runner request '2e980491-76e6-5633-8a65-d9dfde385a8e'.
[2026-02-24 06:57:51Z INFO ConfigurationStore] HasCredentials()
[2026-02-24 06:57:51Z INFO ConfigurationStore] stored True
[2026-02-24 06:57:51Z INFO CredentialManager] GetCredentialProvider
[2026-02-24 06:57:51Z INFO CredentialManager] Creating type OAuth
[2026-02-24 06:57:51Z INFO CredentialManager] Creating credential type: OAuth
[2026-02-24 06:57:51Z INFO RSAEncryptedFileKeyManager] Loading RSA key parameters from file C:\Users\a7577\Desktop\iot_cloud_test\actions-runner\.credentials_rsaparams
[2026-02-24 06:57:51Z INFO RSAEncryptedFileKeyManager] Loading RSA key parameters from file C:\Users\a7577\Desktop\iot_cloud_test\actions-runner\.credentials_rsaparams
[2026-02-24 06:57:51Z INFO RSAEncryptedFileKeyManager] Loading RSA key parameters from file C:\Users\a7577\Desktop\iot_cloud_test\actions-runner\.credentials_rsaparams
[2026-02-24 06:57:52Z INFO GitHubActionsService] AAD Correlation ID for this token request: Unknown
[2026-02-24 06:57:54Z INFO JobDispatcher] Job request 0 for plan 2127dd3b-bd63-4410-b870-722c4dea9505 job 2e980491-76e6-5633-8a65-d9dfde385a8e received.
[2026-02-24 06:57:54Z INFO JobDispatcher] Pull OrchestrationId 2127dd3b-bd63-4410-b870-722c4dea9505.test-esp32.__default from JWT claims
[2026-02-24 06:57:54Z INFO BrokerMessageListener] Received job status event. JobState: Busy
[2026-02-24 06:57:54Z INFO BrokerMessageListener] _getMessagesTokenSource is already disposed.
[2026-02-24 06:57:54Z INFO JobDispatcher] Job request f0ba6808-6dd8-56b0-9e93-fd8ab25ebff2 processed succeed.
[2026-02-24 06:57:54Z INFO Terminal] WRITE LINE: 2026-02-24 06:57:54Z: Running job: test-esp32
[2026-02-24 06:57:54Z INFO JobDispatcher] Start renew job request 0 for job 2e980491-76e6-5633-8a65-d9dfde385a8e.
[2026-02-24 06:57:55Z INFO JobDispatcher] Successfully renew job 2e980491-76e6-5633-8a65-d9dfde385a8e, job is valid till 24-02-2026 07:07:55
[2026-02-24 06:57:55Z INFO HostContext] Well known directory 'Bin': 'C:\Users\a7577\Desktop\iot_cloud_test\actions-runner\bin'
[2026-02-24 06:57:55Z INFO ProcessInvokerWrapper] Starting process:
[2026-02-24 06:57:55Z INFO ProcessInvokerWrapper]   File name: 'C:\Users\a7577\Desktop\iot_cloud_test\actions-runner\bin\Runner.Worker.exe'
[2026-02-24 06:57:55Z INFO ProcessInvokerWrapper]   Arguments: 'spawnclient 1512 2392'
[2026-02-24 06:57:55Z INFO ProcessInvokerWrapper]   Working directory: 'C:\Users\a7577\Desktop\iot_cloud_test\actions-runner\bin'
[2026-02-24 06:57:55Z INFO ProcessInvokerWrapper]   Require exit code zero: 'False'
[2026-02-24 06:57:55Z INFO ProcessInvokerWrapper]   Encoding web name:  ; code page: ''
[2026-02-24 06:57:55Z INFO ProcessInvokerWrapper]   Force kill process on cancellation: 'True'
[2026-02-24 06:57:55Z INFO ProcessInvokerWrapper]   Redirected STDIN: 'False'
[2026-02-24 06:57:55Z INFO ProcessInvokerWrapper]   Persist current code page: 'False'
[2026-02-24 06:57:55Z INFO ProcessInvokerWrapper]   Keep redirected STDIN open: 'False'
[2026-02-24 06:57:55Z INFO ProcessInvokerWrapper]   High priority process: 'True'
[2026-02-24 06:57:55Z INFO ProcessInvokerWrapper] Process started with process id 17872, waiting for process exit.
[2026-02-24 06:57:55Z INFO JobDispatcher] Send job request message to worker for job 2e980491-76e6-5633-8a65-d9dfde385a8e.
[2026-02-24 06:57:55Z INFO ProcessChannel] Sending message of length 21820, with hash '0a1a97a50f3bb34d279ac5e71bd222899f27f1a8ba3bf78f50d51d156402b342'
[2026-02-24 06:57:55Z INFO JobNotification] Entering JobStarted Notification
[2026-02-24 06:57:55Z INFO JobNotification] Entering StartMonitor
[2026-02-24 06:58:29Z INFO ProcessInvokerWrapper] STDOUT/STDERR stream read finished.
[2026-02-24 06:58:29Z INFO ProcessInvokerWrapper] STDOUT/STDERR stream read finished.
[2026-02-24 06:58:29Z INFO ProcessInvokerWrapper] Finished process 17872 with exit code 102, and elapsed time 00:00:34.2676706.
[2026-02-24 06:58:29Z INFO JobDispatcher] Worker finished for job 2e980491-76e6-5633-8a65-d9dfde385a8e. Code: 102
[2026-02-24 06:58:29Z INFO JobDispatcher] finish job request for job 2e980491-76e6-5633-8a65-d9dfde385a8e with result: Failed
[2026-02-24 06:58:29Z INFO Terminal] WRITE LINE: 2026-02-24 06:58:29Z: Job test-esp32 completed with result: Failed
[2026-02-24 06:58:29Z INFO JobDispatcher] Stop renew job request for job 2e980491-76e6-5633-8a65-d9dfde385a8e.
[2026-02-24 06:58:29Z INFO JobDispatcher] job renew has been cancelled, stop renew job 2e980491-76e6-5633-8a65-d9dfde385a8e.
[2026-02-24 06:58:29Z INFO JobNotification] Entering JobCompleted Notification
[2026-02-24 06:58:29Z INFO JobNotification] Entering EndMonitor
[2026-02-24 06:58:29Z INFO BrokerMessageListener] Received job status event. JobState: Online
[2026-02-24 06:58:29Z WARN GitHubActionsService] GET request to https://broker.actions.githubusercontent.com/message?sessionId=69564d31-f9be-48a5-b892-fbf8479611cc&status=Busy&runnerVersion=2.331.0&os=Windows&architecture=X64&disableUpdate=false has been cancelled.
[2026-02-24 06:58:29Z ERR  BrokerServer] Catch exception during request
[2026-02-24 06:58:29Z ERR  BrokerServer] System.Threading.Tasks.TaskCanceledException: The operation was canceled.
 ---> System.Threading.Tasks.TaskCanceledException: The operation was canceled.
 ---> System.IO.IOException: Unable to read data from the transport connection: The I/O operation has been aborted because of either a thread exit or an application request..
 ---> System.Net.Sockets.SocketException (995): The I/O operation has been aborted because of either a thread exit or an application request.
   --- End of inner exception stack trace ---
   at System.Net.Sockets.Socket.AwaitableSocketAsyncEventArgs.System.Threading.Tasks.Sources.IValueTaskSource<System.Int32>.GetResult(Int16 token)
   at System.Net.Security.SslStream.EnsureFullTlsFrameAsync[TIOAdapter](CancellationToken cancellationToken, Int32 estimatedSize)
   at System.Runtime.CompilerServices.PoolingAsyncValueTaskMethodBuilder`1.StateMachineBox`1.System.Threading.Tasks.Sources.IValueTaskSource<TResult>.GetResult(Int16 token)
   at System.Net.Security.SslStream.ReadAsyncInternal[TIOAdapter](Memory`1 buffer, CancellationToken cancellationToken)
   at System.Runtime.CompilerServices.PoolingAsyncValueTaskMethodBuilder`1.StateMachineBox`1.System.Threading.Tasks.Sources.IValueTaskSource<TResult>.GetResult(Int16 token)
   at System.Net.Http.HttpConnection.SendAsync(HttpRequestMessage request, Boolean async, CancellationToken cancellationToken)
   --- End of inner exception stack trace ---
   at System.Net.Http.HttpConnection.SendAsync(HttpRequestMessage request, Boolean async, CancellationToken cancellationToken)
   at System.Net.Http.AuthenticationHelper.SendWithNtAuthAsync(HttpRequestMessage request, Uri authUri, Boolean async, ICredentials credentials, Boolean isProxyAuth, HttpConnection connection, HttpConnectionPool connectionPool, CancellationToken cancellationToken)
   at System.Net.Http.HttpConnectionPool.SendWithVersionDetectionAndRetryAsync(HttpRequestMessage request, Boolean async, Boolean doRequestAuth, CancellationToken cancellationToken)
   at System.Net.Http.AuthenticationHelper.SendWithAuthAsync(HttpRequestMessage request, Uri authUri, Boolean async, ICredentials credentials, Boolean preAuthenticate, Boolean isProxyAuth, Boolean doRequestAuth, HttpConnectionPool pool, CancellationToken cancellationToken)
   at System.Net.Http.RedirectHandler.SendAsync(HttpRequestMessage request, Boolean async, CancellationToken cancellationToken)
   at GitHub.Services.Common.RawHttpMessageHandler.SendAsync(HttpRequestMessage request, CancellationToken cancellationToken)
   at GitHub.Services.Common.VssHttpRetryMessageHandler.SendAsync(HttpRequestMessage request, CancellationToken cancellationToken)
   at System.Net.Http.HttpClient.<SendAsync>g__Core|83_0(HttpRequestMessage request, HttpCompletionOption completionOption, CancellationTokenSource cts, Boolean disposeCts, CancellationTokenSource pendingRequestsCts, CancellationToken originalCancellationToken)
   --- End of inner exception stack trace ---
   at System.Net.Http.HttpClient.HandleFailure(Exception e, Boolean telemetryStarted, HttpResponseMessage response, CancellationTokenSource cts, CancellationToken cancellationToken, CancellationTokenSource pendingRequestsCts)
   at System.Net.Http.HttpClient.<SendAsync>g__Core|83_0(HttpRequestMessage request, HttpCompletionOption completionOption, CancellationTokenSource cts, Boolean disposeCts, CancellationTokenSource pendingRequestsCts, CancellationToken originalCancellationToken)
   at Sdk.WebApi.WebApi.RawHttpClientBase.SendAsync(HttpRequestMessage message, HttpCompletionOption completionOption, Object userState, CancellationToken cancellationToken)
   at Sdk.WebApi.WebApi.RawHttpClientBase.SendAsync[T](HttpRequestMessage message, Boolean readErrorBody, Object userState, CancellationToken cancellationToken)
   at Sdk.WebApi.WebApi.RawHttpClientBase.SendAsync[T](HttpMethod method, IEnumerable`1 additionalHeaders, Uri requestUri, HttpContent content, IEnumerable`1 queryParameters, Boolean readErrorBody, Object userState, CancellationToken cancellationToken)
   at GitHub.Actions.RunService.WebApi.BrokerHttpClient.GetRunnerMessageAsync(Nullable`1 sessionId, String runnerVersion, Nullable`1 status, String os, String architecture, Nullable`1 disableUpdate, CancellationToken cancellationToken)
   at GitHub.Runner.Common.BrokerServer.<>c__DisplayClass7_0.<<GetRunnerMessageAsync>b__0>d.MoveNext()
--- End of stack trace from previous location ---
   at GitHub.Runner.Common.RunnerService.RetryRequest[T](Func`1 func, CancellationToken cancellationToken, Int32 maxAttempts, Func`2 shouldRetry)
[2026-02-24 06:58:29Z ERR  BrokerServer] #####################################################
[2026-02-24 06:58:29Z ERR  BrokerServer] System.Threading.Tasks.TaskCanceledException: The operation was canceled.
 ---> System.IO.IOException: Unable to read data from the transport connection: The I/O operation has been aborted because of either a thread exit or an application request..
 ---> System.Net.Sockets.SocketException (995): The I/O operation has been aborted because of either a thread exit or an application request.
   --- End of inner exception stack trace ---
   at System.Net.Sockets.Socket.AwaitableSocketAsyncEventArgs.System.Threading.Tasks.Sources.IValueTaskSource<System.Int32>.GetResult(Int16 token)
   at System.Net.Security.SslStream.EnsureFullTlsFrameAsync[TIOAdapter](CancellationToken cancellationToken, Int32 estimatedSize)
   at System.Runtime.CompilerServices.PoolingAsyncValueTaskMethodBuilder`1.StateMachineBox`1.System.Threading.Tasks.Sources.IValueTaskSource<TResult>.GetResult(Int16 token)
   at System.Net.Security.SslStream.ReadAsyncInternal[TIOAdapter](Memory`1 buffer, CancellationToken cancellationToken)
   at System.Runtime.CompilerServices.PoolingAsyncValueTaskMethodBuilder`1.StateMachineBox`1.System.Threading.Tasks.Sources.IValueTaskSource<TResult>.GetResult(Int16 token)
   at System.Net.Http.HttpConnection.SendAsync(HttpRequestMessage request, Boolean async, CancellationToken cancellationToken)
   --- End of inner exception stack trace ---
   at System.Net.Http.HttpConnection.SendAsync(HttpRequestMessage request, Boolean async, CancellationToken cancellationToken)
   at System.Net.Http.AuthenticationHelper.SendWithNtAuthAsync(HttpRequestMessage request, Uri authUri, Boolean async, ICredentials credentials, Boolean isProxyAuth, HttpConnection connection, HttpConnectionPool connectionPool, CancellationToken cancellationToken)
   at System.Net.Http.HttpConnectionPool.SendWithVersionDetectionAndRetryAsync(HttpRequestMessage request, Boolean async, Boolean doRequestAuth, CancellationToken cancellationToken)
   at System.Net.Http.AuthenticationHelper.SendWithAuthAsync(HttpRequestMessage request, Uri authUri, Boolean async, ICredentials credentials, Boolean preAuthenticate, Boolean isProxyAuth, Boolean doRequestAuth, HttpConnectionPool pool, CancellationToken cancellationToken)
   at System.Net.Http.RedirectHandler.SendAsync(HttpRequestMessage request, Boolean async, CancellationToken cancellationToken)
   at GitHub.Services.Common.RawHttpMessageHandler.SendAsync(HttpRequestMessage request, CancellationToken cancellationToken)
   at GitHub.Services.Common.VssHttpRetryMessageHandler.SendAsync(HttpRequestMessage request, CancellationToken cancellationToken)
   at System.Net.Http.HttpClient.<SendAsync>g__Core|83_0(HttpRequestMessage request, HttpCompletionOption completionOption, CancellationTokenSource cts, Boolean disposeCts, CancellationTokenSource pendingRequestsCts, CancellationToken originalCancellationToken)
[2026-02-24 06:58:29Z ERR  BrokerServer] #####################################################
[2026-02-24 06:58:29Z ERR  BrokerServer] System.IO.IOException: Unable to read data from the transport connection: The I/O operation has been aborted because of either a thread exit or an application request..
 ---> System.Net.Sockets.SocketException (995): The I/O operation has been aborted because of either a thread exit or an application request.
   --- End of inner exception stack trace ---
   at System.Net.Sockets.Socket.AwaitableSocketAsyncEventArgs.System.Threading.Tasks.Sources.IValueTaskSource<System.Int32>.GetResult(Int16 token)
   at System.Net.Security.SslStream.EnsureFullTlsFrameAsync[TIOAdapter](CancellationToken cancellationToken, Int32 estimatedSize)
   at System.Runtime.CompilerServices.PoolingAsyncValueTaskMethodBuilder`1.StateMachineBox`1.System.Threading.Tasks.Sources.IValueTaskSource<TResult>.GetResult(Int16 token)
   at System.Net.Security.SslStream.ReadAsyncInternal[TIOAdapter](Memory`1 buffer, CancellationToken cancellationToken)
   at System.Runtime.CompilerServices.PoolingAsyncValueTaskMethodBuilder`1.StateMachineBox`1.System.Threading.Tasks.Sources.IValueTaskSource<TResult>.GetResult(Int16 token)
   at System.Net.Http.HttpConnection.SendAsync(HttpRequestMessage request, Boolean async, CancellationToken cancellationToken)
[2026-02-24 06:58:29Z ERR  BrokerServer] #####################################################
[2026-02-24 06:58:29Z ERR  BrokerServer] System.Net.Sockets.SocketException (995): The I/O operation has been aborted because of either a thread exit or an application request.
[2026-02-24 06:58:29Z WARN BrokerServer] Back off 5.498 seconds before next retry. 4 attempt left.
[2026-02-24 06:58:29Z INFO BrokerMessageListener] Get messages has been cancelled using local token source. Continue to get messages with new status.
[2026-02-24 06:59:10Z INFO BrokerMessageListener] Acknowledging runner request '55e04534-c10e-584e-bc29-d533cf39cb12'.
[2026-02-24 06:59:11Z INFO ConfigurationStore] HasCredentials()
[2026-02-24 06:59:11Z INFO ConfigurationStore] stored True
[2026-02-24 06:59:11Z INFO CredentialManager] GetCredentialProvider
[2026-02-24 06:59:11Z INFO CredentialManager] Creating type OAuth
[2026-02-24 06:59:11Z INFO CredentialManager] Creating credential type: OAuth
[2026-02-24 06:59:11Z INFO RSAEncryptedFileKeyManager] Loading RSA key parameters from file C:\Users\a7577\Desktop\iot_cloud_test\actions-runner\.credentials_rsaparams
[2026-02-24 06:59:11Z INFO RSAEncryptedFileKeyManager] Loading RSA key parameters from file C:\Users\a7577\Desktop\iot_cloud_test\actions-runner\.credentials_rsaparams
[2026-02-24 06:59:11Z INFO RSAEncryptedFileKeyManager] Loading RSA key parameters from file C:\Users\a7577\Desktop\iot_cloud_test\actions-runner\.credentials_rsaparams
[2026-02-24 06:59:12Z INFO GitHubActionsService] AAD Correlation ID for this token request: Unknown
[2026-02-24 06:59:14Z INFO JobDispatcher] Job request 0 for plan 95cb271a-a3e6-4116-acaf-08fa579623ea job 55e04534-c10e-584e-bc29-d533cf39cb12 received.
[2026-02-24 06:59:14Z INFO JobDispatcher] Pull OrchestrationId 95cb271a-a3e6-4116-acaf-08fa579623ea.test-esp32.__default from JWT claims
[2026-02-24 06:59:14Z INFO BrokerMessageListener] Received job status event. JobState: Busy
[2026-02-24 06:59:14Z INFO BrokerMessageListener] _getMessagesTokenSource is already disposed.
[2026-02-24 06:59:14Z INFO JobDispatcher] Job request 2e980491-76e6-5633-8a65-d9dfde385a8e processed succeed.
[2026-02-24 06:59:14Z INFO Terminal] WRITE LINE: 2026-02-24 06:59:14Z: Running job: test-esp32
[2026-02-24 06:59:14Z INFO JobDispatcher] Start renew job request 0 for job 55e04534-c10e-584e-bc29-d533cf39cb12.
[2026-02-24 06:59:15Z INFO JobDispatcher] Successfully renew job 55e04534-c10e-584e-bc29-d533cf39cb12, job is valid till 24-02-2026 07:09:15
[2026-02-24 06:59:15Z INFO HostContext] Well known directory 'Bin': 'C:\Users\a7577\Desktop\iot_cloud_test\actions-runner\bin'
[2026-02-24 06:59:15Z INFO ProcessInvokerWrapper] Starting process:
[2026-02-24 06:59:15Z INFO ProcessInvokerWrapper]   File name: 'C:\Users\a7577\Desktop\iot_cloud_test\actions-runner\bin\Runner.Worker.exe'
[2026-02-24 06:59:15Z INFO ProcessInvokerWrapper]   Arguments: 'spawnclient 2416 2284'
[2026-02-24 06:59:15Z INFO ProcessInvokerWrapper]   Working directory: 'C:\Users\a7577\Desktop\iot_cloud_test\actions-runner\bin'
[2026-02-24 06:59:15Z INFO ProcessInvokerWrapper]   Require exit code zero: 'False'
[2026-02-24 06:59:15Z INFO ProcessInvokerWrapper]   Encoding web name:  ; code page: ''
[2026-02-24 06:59:15Z INFO ProcessInvokerWrapper]   Force kill process on cancellation: 'True'
[2026-02-24 06:59:15Z INFO ProcessInvokerWrapper]   Redirected STDIN: 'False'
[2026-02-24 06:59:15Z INFO ProcessInvokerWrapper]   Persist current code page: 'False'
[2026-02-24 06:59:15Z INFO ProcessInvokerWrapper]   Keep redirected STDIN open: 'False'
[2026-02-24 06:59:15Z INFO ProcessInvokerWrapper]   High priority process: 'True'
[2026-02-24 06:59:15Z INFO ProcessInvokerWrapper] Process started with process id 12036, waiting for process exit.
[2026-02-24 06:59:15Z INFO JobDispatcher] Send job request message to worker for job 55e04534-c10e-584e-bc29-d533cf39cb12.
[2026-02-24 06:59:15Z INFO ProcessChannel] Sending message of length 21826, with hash '82c409c916d55e8d3c24073418ff6982a0d2872df5774d23789e2beff55add8c'
[2026-02-24 06:59:15Z INFO JobNotification] Entering JobStarted Notification
[2026-02-24 06:59:15Z INFO JobNotification] Entering StartMonitor
[2026-02-24 07:00:15Z INFO JobDispatcher] Successfully renew job 55e04534-c10e-584e-bc29-d533cf39cb12, job is valid till 24-02-2026 07:10:15
[2026-02-24 07:01:16Z INFO JobDispatcher] Successfully renew job 55e04534-c10e-584e-bc29-d533cf39cb12, job is valid till 24-02-2026 07:11:16
[2026-02-24 07:01:46Z INFO ProcessInvokerWrapper] STDOUT/STDERR stream read finished.
[2026-02-24 07:01:46Z INFO ProcessInvokerWrapper] STDOUT/STDERR stream read finished.
[2026-02-24 07:01:46Z INFO ProcessInvokerWrapper] Finished process 12036 with exit code 100, and elapsed time 00:02:30.6258650.
[2026-02-24 07:01:46Z INFO JobDispatcher] Worker finished for job 55e04534-c10e-584e-bc29-d533cf39cb12. Code: 100
[2026-02-24 07:01:46Z INFO JobDispatcher] finish job request for job 55e04534-c10e-584e-bc29-d533cf39cb12 with result: Succeeded
[2026-02-24 07:01:46Z INFO Terminal] WRITE LINE: 2026-02-24 07:01:46Z: Job test-esp32 completed with result: Succeeded
[2026-02-24 07:01:46Z INFO JobDispatcher] Stop renew job request for job 55e04534-c10e-584e-bc29-d533cf39cb12.
[2026-02-24 07:01:46Z INFO JobDispatcher] job renew has been cancelled, stop renew job 55e04534-c10e-584e-bc29-d533cf39cb12.
[2026-02-24 07:01:46Z INFO JobNotification] Entering JobCompleted Notification
[2026-02-24 07:01:46Z INFO JobNotification] Entering EndMonitor
[2026-02-24 07:01:46Z INFO BrokerMessageListener] Received job status event. JobState: Online
[2026-02-24 07:01:46Z WARN GitHubActionsService] GET request to https://broker.actions.githubusercontent.com/message?sessionId=69564d31-f9be-48a5-b892-fbf8479611cc&status=Busy&runnerVersion=2.331.0&os=Windows&architecture=X64&disableUpdate=false has been cancelled.
[2026-02-24 07:01:46Z ERR  BrokerServer] Catch exception during request
[2026-02-24 07:01:46Z ERR  BrokerServer] System.Threading.Tasks.TaskCanceledException: The operation was canceled.
 ---> System.Threading.Tasks.TaskCanceledException: The operation was canceled.
 ---> System.IO.IOException: Unable to read data from the transport connection: The I/O operation has been aborted because of either a thread exit or an application request..
 ---> System.Net.Sockets.SocketException (995): The I/O operation has been aborted because of either a thread exit or an application request.
   --- End of inner exception stack trace ---
   at System.Net.Sockets.Socket.AwaitableSocketAsyncEventArgs.System.Threading.Tasks.Sources.IValueTaskSource<System.Int32>.GetResult(Int16 token)
   at System.Net.Security.SslStream.EnsureFullTlsFrameAsync[TIOAdapter](CancellationToken cancellationToken, Int32 estimatedSize)
   at System.Runtime.CompilerServices.PoolingAsyncValueTaskMethodBuilder`1.StateMachineBox`1.System.Threading.Tasks.Sources.IValueTaskSource<TResult>.GetResult(Int16 token)
   at System.Net.Security.SslStream.ReadAsyncInternal[TIOAdapter](Memory`1 buffer, CancellationToken cancellationToken)
   at System.Runtime.CompilerServices.PoolingAsyncValueTaskMethodBuilder`1.StateMachineBox`1.System.Threading.Tasks.Sources.IValueTaskSource<TResult>.GetResult(Int16 token)
   at System.Net.Http.HttpConnection.SendAsync(HttpRequestMessage request, Boolean async, CancellationToken cancellationToken)
   --- End of inner exception stack trace ---
   at System.Net.Http.HttpConnection.SendAsync(HttpRequestMessage request, Boolean async, CancellationToken cancellationToken)
   at System.Net.Http.AuthenticationHelper.SendWithNtAuthAsync(HttpRequestMessage request, Uri authUri, Boolean async, ICredentials credentials, Boolean isProxyAuth, HttpConnection connection, HttpConnectionPool connectionPool, CancellationToken cancellationToken)
   at System.Net.Http.HttpConnectionPool.SendWithVersionDetectionAndRetryAsync(HttpRequestMessage request, Boolean async, Boolean doRequestAuth, CancellationToken cancellationToken)
   at System.Net.Http.AuthenticationHelper.SendWithAuthAsync(HttpRequestMessage request, Uri authUri, Boolean async, ICredentials credentials, Boolean preAuthenticate, Boolean isProxyAuth, Boolean doRequestAuth, HttpConnectionPool pool, CancellationToken cancellationToken)
   at System.Net.Http.RedirectHandler.SendAsync(HttpRequestMessage request, Boolean async, CancellationToken cancellationToken)
   at GitHub.Services.Common.RawHttpMessageHandler.SendAsync(HttpRequestMessage request, CancellationToken cancellationToken)
   at GitHub.Services.Common.VssHttpRetryMessageHandler.SendAsync(HttpRequestMessage request, CancellationToken cancellationToken)
   at System.Net.Http.HttpClient.<SendAsync>g__Core|83_0(HttpRequestMessage request, HttpCompletionOption completionOption, CancellationTokenSource cts, Boolean disposeCts, CancellationTokenSource pendingRequestsCts, CancellationToken originalCancellationToken)
   --- End of inner exception stack trace ---
   at System.Net.Http.HttpClient.HandleFailure(Exception e, Boolean telemetryStarted, HttpResponseMessage response, CancellationTokenSource cts, CancellationToken cancellationToken, CancellationTokenSource pendingRequestsCts)
   at System.Net.Http.HttpClient.<SendAsync>g__Core|83_0(HttpRequestMessage request, HttpCompletionOption completionOption, CancellationTokenSource cts, Boolean disposeCts, CancellationTokenSource pendingRequestsCts, CancellationToken originalCancellationToken)
   at Sdk.WebApi.WebApi.RawHttpClientBase.SendAsync(HttpRequestMessage message, HttpCompletionOption completionOption, Object userState, CancellationToken cancellationToken)
   at Sdk.WebApi.WebApi.RawHttpClientBase.SendAsync[T](HttpRequestMessage message, Boolean readErrorBody, Object userState, CancellationToken cancellationToken)
   at Sdk.WebApi.WebApi.RawHttpClientBase.SendAsync[T](HttpMethod method, IEnumerable`1 additionalHeaders, Uri requestUri, HttpContent content, IEnumerable`1 queryParameters, Boolean readErrorBody, Object userState, CancellationToken cancellationToken)
   at GitHub.Actions.RunService.WebApi.BrokerHttpClient.GetRunnerMessageAsync(Nullable`1 sessionId, String runnerVersion, Nullable`1 status, String os, String architecture, Nullable`1 disableUpdate, CancellationToken cancellationToken)
   at GitHub.Runner.Common.BrokerServer.<>c__DisplayClass7_0.<<GetRunnerMessageAsync>b__0>d.MoveNext()
--- End of stack trace from previous location ---
   at GitHub.Runner.Common.RunnerService.RetryRequest[T](Func`1 func, CancellationToken cancellationToken, Int32 maxAttempts, Func`2 shouldRetry)
[2026-02-24 07:01:46Z ERR  BrokerServer] #####################################################
[2026-02-24 07:01:46Z ERR  BrokerServer] System.Threading.Tasks.TaskCanceledException: The operation was canceled.
 ---> System.IO.IOException: Unable to read data from the transport connection: The I/O operation has been aborted because of either a thread exit or an application request..
 ---> System.Net.Sockets.SocketException (995): The I/O operation has been aborted because of either a thread exit or an application request.
   --- End of inner exception stack trace ---
   at System.Net.Sockets.Socket.AwaitableSocketAsyncEventArgs.System.Threading.Tasks.Sources.IValueTaskSource<System.Int32>.GetResult(Int16 token)
   at System.Net.Security.SslStream.EnsureFullTlsFrameAsync[TIOAdapter](CancellationToken cancellationToken, Int32 estimatedSize)
   at System.Runtime.CompilerServices.PoolingAsyncValueTaskMethodBuilder`1.StateMachineBox`1.System.Threading.Tasks.Sources.IValueTaskSource<TResult>.GetResult(Int16 token)
   at System.Net.Security.SslStream.ReadAsyncInternal[TIOAdapter](Memory`1 buffer, CancellationToken cancellationToken)
   at System.Runtime.CompilerServices.PoolingAsyncValueTaskMethodBuilder`1.StateMachineBox`1.System.Threading.Tasks.Sources.IValueTaskSource<TResult>.GetResult(Int16 token)
   at System.Net.Http.HttpConnection.SendAsync(HttpRequestMessage request, Boolean async, CancellationToken cancellationToken)
   --- End of inner exception stack trace ---
   at System.Net.Http.HttpConnection.SendAsync(HttpRequestMessage request, Boolean async, CancellationToken cancellationToken)
   at System.Net.Http.AuthenticationHelper.SendWithNtAuthAsync(HttpRequestMessage request, Uri authUri, Boolean async, ICredentials credentials, Boolean isProxyAuth, HttpConnection connection, HttpConnectionPool connectionPool, CancellationToken cancellationToken)
   at System.Net.Http.HttpConnectionPool.SendWithVersionDetectionAndRetryAsync(HttpRequestMessage request, Boolean async, Boolean doRequestAuth, CancellationToken cancellationToken)
   at System.Net.Http.AuthenticationHelper.SendWithAuthAsync(HttpRequestMessage request, Uri authUri, Boolean async, ICredentials credentials, Boolean preAuthenticate, Boolean isProxyAuth, Boolean doRequestAuth, HttpConnectionPool pool, CancellationToken cancellationToken)
   at System.Net.Http.RedirectHandler.SendAsync(HttpRequestMessage request, Boolean async, CancellationToken cancellationToken)
   at GitHub.Services.Common.RawHttpMessageHandler.SendAsync(HttpRequestMessage request, CancellationToken cancellationToken)
   at GitHub.Services.Common.VssHttpRetryMessageHandler.SendAsync(HttpRequestMessage request, CancellationToken cancellationToken)
   at System.Net.Http.HttpClient.<SendAsync>g__Core|83_0(HttpRequestMessage request, HttpCompletionOption completionOption, CancellationTokenSource cts, Boolean disposeCts, CancellationTokenSource pendingRequestsCts, CancellationToken originalCancellationToken)
[2026-02-24 07:01:46Z ERR  BrokerServer] #####################################################
[2026-02-24 07:01:46Z ERR  BrokerServer] System.IO.IOException: Unable to read data from the transport connection: The I/O operation has been aborted because of either a thread exit or an application request..
 ---> System.Net.Sockets.SocketException (995): The I/O operation has been aborted because of either a thread exit or an application request.
   --- End of inner exception stack trace ---
   at System.Net.Sockets.Socket.AwaitableSocketAsyncEventArgs.System.Threading.Tasks.Sources.IValueTaskSource<System.Int32>.GetResult(Int16 token)
   at System.Net.Security.SslStream.EnsureFullTlsFrameAsync[TIOAdapter](CancellationToken cancellationToken, Int32 estimatedSize)
   at System.Runtime.CompilerServices.PoolingAsyncValueTaskMethodBuilder`1.StateMachineBox`1.System.Threading.Tasks.Sources.IValueTaskSource<TResult>.GetResult(Int16 token)
   at System.Net.Security.SslStream.ReadAsyncInternal[TIOAdapter](Memory`1 buffer, CancellationToken cancellationToken)
   at System.Runtime.CompilerServices.PoolingAsyncValueTaskMethodBuilder`1.StateMachineBox`1.System.Threading.Tasks.Sources.IValueTaskSource<TResult>.GetResult(Int16 token)
   at System.Net.Http.HttpConnection.SendAsync(HttpRequestMessage request, Boolean async, CancellationToken cancellationToken)
[2026-02-24 07:01:46Z ERR  BrokerServer] #####################################################
[2026-02-24 07:01:46Z ERR  BrokerServer] System.Net.Sockets.SocketException (995): The I/O operation has been aborted because of either a thread exit or an application request.
[2026-02-24 07:01:46Z WARN BrokerServer] Back off 5.585 seconds before next retry. 4 attempt left.
[2026-02-24 07:01:46Z INFO BrokerMessageListener] Get messages has been cancelled using local token source. Continue to get messages with new status.
[2026-02-24 07:40:18Z INFO Terminal] WRITE LINE: Exiting...
[2026-02-24 07:40:18Z INFO ConfigurationStore] IsServiceConfigured()
[2026-02-24 07:40:18Z INFO ConfigurationStore] IsServiceConfigured: False
[2026-02-24 07:40:18Z INFO HostContext] Runner will be shutdown for UserCancelled
[2026-02-24 07:40:18Z WARN GitHubActionsService] GET request to https://broker.actions.githubusercontent.com/message?sessionId=69564d31-f9be-48a5-b892-fbf8479611cc&status=Online&runnerVersion=2.331.0&os=Windows&architecture=X64&disableUpdate=false has been cancelled.
[2026-02-24 07:40:18Z ERR  BrokerServer] Catch exception during request
[2026-02-24 07:40:18Z ERR  BrokerServer] System.Threading.Tasks.TaskCanceledException: The operation was canceled.
 ---> System.Threading.Tasks.TaskCanceledException: The operation was canceled.
 ---> System.IO.IOException: Unable to read data from the transport connection: The I/O operation has been aborted because of either a thread exit or an application request..
 ---> System.Net.Sockets.SocketException (995): The I/O operation has been aborted because of either a thread exit or an application request.
   --- End of inner exception stack trace ---
   at System.Net.Sockets.Socket.AwaitableSocketAsyncEventArgs.System.Threading.Tasks.Sources.IValueTaskSource<System.Int32>.GetResult(Int16 token)
   at System.Net.Security.SslStream.EnsureFullTlsFrameAsync[TIOAdapter](CancellationToken cancellationToken, Int32 estimatedSize)
   at System.Runtime.CompilerServices.PoolingAsyncValueTaskMethodBuilder`1.StateMachineBox`1.System.Threading.Tasks.Sources.IValueTaskSource<TResult>.GetResult(Int16 token)
   at System.Net.Security.SslStream.ReadAsyncInternal[TIOAdapter](Memory`1 buffer, CancellationToken cancellationToken)
   at System.Runtime.CompilerServices.PoolingAsyncValueTaskMethodBuilder`1.StateMachineBox`1.System.Threading.Tasks.Sources.IValueTaskSource<TResult>.GetResult(Int16 token)
   at System.Net.Http.HttpConnection.SendAsync(HttpRequestMessage request, Boolean async, CancellationToken cancellationToken)
   --- End of inner exception stack trace ---
   at System.Net.Http.HttpConnection.SendAsync(HttpRequestMessage request, Boolean async, CancellationToken cancellationToken)
   at System.Net.Http.AuthenticationHelper.SendWithNtAuthAsync(HttpRequestMessage request, Uri authUri, Boolean async, ICredentials credentials, Boolean isProxyAuth, HttpConnection connection, HttpConnectionPool connectionPool, CancellationToken cancellationToken)
   at System.Net.Http.HttpConnectionPool.SendWithVersionDetectionAndRetryAsync(HttpRequestMessage request, Boolean async, Boolean doRequestAuth, CancellationToken cancellationToken)
   at System.Net.Http.AuthenticationHelper.SendWithAuthAsync(HttpRequestMessage request, Uri authUri, Boolean async, ICredentials credentials, Boolean preAuthenticate, Boolean isProxyAuth, Boolean doRequestAuth, HttpConnectionPool pool, CancellationToken cancellationToken)
   at System.Net.Http.RedirectHandler.SendAsync(HttpRequestMessage request, Boolean async, CancellationToken cancellationToken)
   at GitHub.Services.Common.RawHttpMessageHandler.SendAsync(HttpRequestMessage request, CancellationToken cancellationToken)
   at GitHub.Services.Common.VssHttpRetryMessageHandler.SendAsync(HttpRequestMessage request, CancellationToken cancellationToken)
   at System.Net.Http.HttpClient.<SendAsync>g__Core|83_0(HttpRequestMessage request, HttpCompletionOption completionOption, CancellationTokenSource cts, Boolean disposeCts, CancellationTokenSource pendingRequestsCts, CancellationToken originalCancellationToken)
   --- End of inner exception stack trace ---
   at System.Net.Http.HttpClient.HandleFailure(Exception e, Boolean telemetryStarted, HttpResponseMessage response, CancellationTokenSource cts, CancellationToken cancellationToken, CancellationTokenSource pendingRequestsCts)
   at System.Net.Http.HttpClient.<SendAsync>g__Core|83_0(HttpRequestMessage request, HttpCompletionOption completionOption, CancellationTokenSource cts, Boolean disposeCts, CancellationTokenSource pendingRequestsCts, CancellationToken originalCancellationToken)
   at Sdk.WebApi.WebApi.RawHttpClientBase.SendAsync(HttpRequestMessage message, HttpCompletionOption completionOption, Object userState, CancellationToken cancellationToken)
   at Sdk.WebApi.WebApi.RawHttpClientBase.SendAsync[T](HttpRequestMessage message, Boolean readErrorBody, Object userState, CancellationToken cancellationToken)
   at Sdk.WebApi.WebApi.RawHttpClientBase.SendAsync[T](HttpMethod method, IEnumerable`1 additionalHeaders, Uri requestUri, HttpContent content, IEnumerable`1 queryParameters, Boolean readErrorBody, Object userState, CancellationToken cancellationToken)
   at GitHub.Actions.RunService.WebApi.BrokerHttpClient.GetRunnerMessageAsync(Nullable`1 sessionId, String runnerVersion, Nullable`1 status, String os, String architecture, Nullable`1 disableUpdate, CancellationToken cancellationToken)
   at GitHub.Runner.Common.BrokerServer.<>c__DisplayClass7_0.<<GetRunnerMessageAsync>b__0>d.MoveNext()
--- End of stack trace from previous location ---
   at GitHub.Runner.Common.RunnerService.RetryRequest[T](Func`1 func, CancellationToken cancellationToken, Int32 maxAttempts, Func`2 shouldRetry)
[2026-02-24 07:40:18Z ERR  BrokerServer] #####################################################
[2026-02-24 07:40:18Z ERR  BrokerServer] System.Threading.Tasks.TaskCanceledException: The operation was canceled.
 ---> System.IO.IOException: Unable to read data from the transport connection: The I/O operation has been aborted because of either a thread exit or an application request..
 ---> System.Net.Sockets.SocketException (995): The I/O operation has been aborted because of either a thread exit or an application request.
   --- End of inner exception stack trace ---
   at System.Net.Sockets.Socket.AwaitableSocketAsyncEventArgs.System.Threading.Tasks.Sources.IValueTaskSource<System.Int32>.GetResult(Int16 token)
   at System.Net.Security.SslStream.EnsureFullTlsFrameAsync[TIOAdapter](CancellationToken cancellationToken, Int32 estimatedSize)
   at System.Runtime.CompilerServices.PoolingAsyncValueTaskMethodBuilder`1.StateMachineBox`1.System.Threading.Tasks.Sources.IValueTaskSource<TResult>.GetResult(Int16 token)
   at System.Net.Security.SslStream.ReadAsyncInternal[TIOAdapter](Memory`1 buffer, CancellationToken cancellationToken)
   at System.Runtime.CompilerServices.PoolingAsyncValueTaskMethodBuilder`1.StateMachineBox`1.System.Threading.Tasks.Sources.IValueTaskSource<TResult>.GetResult(Int16 token)
   at System.Net.Http.HttpConnection.SendAsync(HttpRequestMessage request, Boolean async, CancellationToken cancellationToken)
   --- End of inner exception stack trace ---
   at System.Net.Http.HttpConnection.SendAsync(HttpRequestMessage request, Boolean async, CancellationToken cancellationToken)
   at System.Net.Http.AuthenticationHelper.SendWithNtAuthAsync(HttpRequestMessage request, Uri authUri, Boolean async, ICredentials credentials, Boolean isProxyAuth, HttpConnection connection, HttpConnectionPool connectionPool, CancellationToken cancellationToken)
   at System.Net.Http.HttpConnectionPool.SendWithVersionDetectionAndRetryAsync(HttpRequestMessage request, Boolean async, Boolean doRequestAuth, CancellationToken cancellationToken)
   at System.Net.Http.AuthenticationHelper.SendWithAuthAsync(HttpRequestMessage request, Uri authUri, Boolean async, ICredentials credentials, Boolean preAuthenticate, Boolean isProxyAuth, Boolean doRequestAuth, HttpConnectionPool pool, CancellationToken cancellationToken)
   at System.Net.Http.RedirectHandler.SendAsync(HttpRequestMessage request, Boolean async, CancellationToken cancellationToken)
   at GitHub.Services.Common.RawHttpMessageHandler.SendAsync(HttpRequestMessage request, CancellationToken cancellationToken)
   at GitHub.Services.Common.VssHttpRetryMessageHandler.SendAsync(HttpRequestMessage request, CancellationToken cancellationToken)
   at System.Net.Http.HttpClient.<SendAsync>g__Core|83_0(HttpRequestMessage request, HttpCompletionOption completionOption, CancellationTokenSource cts, Boolean disposeCts, CancellationTokenSource pendingRequestsCts, CancellationToken originalCancellationToken)
[2026-02-24 07:40:18Z ERR  BrokerServer] #####################################################
[2026-02-24 07:40:18Z ERR  BrokerServer] System.IO.IOException: Unable to read data from the transport connection: The I/O operation has been aborted because of either a thread exit or an application request..
 ---> System.Net.Sockets.SocketException (995): The I/O operation has been aborted because of either a thread exit or an application request.
   --- End of inner exception stack trace ---
   at System.Net.Sockets.Socket.AwaitableSocketAsyncEventArgs.System.Threading.Tasks.Sources.IValueTaskSource<System.Int32>.GetResult(Int16 token)
   at System.Net.Security.SslStream.EnsureFullTlsFrameAsync[TIOAdapter](CancellationToken cancellationToken, Int32 estimatedSize)
   at System.Runtime.CompilerServices.PoolingAsyncValueTaskMethodBuilder`1.StateMachineBox`1.System.Threading.Tasks.Sources.IValueTaskSource<TResult>.GetResult(Int16 token)
   at System.Net.Security.SslStream.ReadAsyncInternal[TIOAdapter](Memory`1 buffer, CancellationToken cancellationToken)
   at System.Runtime.CompilerServices.PoolingAsyncValueTaskMethodBuilder`1.StateMachineBox`1.System.Threading.Tasks.Sources.IValueTaskSource<TResult>.GetResult(Int16 token)
   at System.Net.Http.HttpConnection.SendAsync(HttpRequestMessage request, Boolean async, CancellationToken cancellationToken)
[2026-02-24 07:40:18Z ERR  BrokerServer] #####################################################
[2026-02-24 07:40:18Z ERR  BrokerServer] System.Net.Sockets.SocketException (995): The I/O operation has been aborted because of either a thread exit or an application request.
[2026-02-24 07:40:18Z WARN BrokerServer] Back off 12.64 seconds before next retry. 4 attempt left.
[2026-02-24 07:40:18Z INFO BrokerMessageListener] Get next message has been cancelled.
[2026-02-24 07:40:18Z INFO JobDispatcher] Shutting down JobDispatcher. Make sure all WorkerDispatcher has finished.
[2026-02-24 07:40:18Z INFO JobDispatcher] Ensure WorkerDispatcher for job 55e04534-c10e-584e-bc29-d533cf39cb12 run to finish, cancel any running job.
[2026-02-24 07:40:18Z INFO JobDispatcher] Job request 55e04534-c10e-584e-bc29-d533cf39cb12 processed succeed.
[2026-02-24 07:40:18Z INFO Runner] Deleting Runner Session...
[2026-02-24 07:40:19Z INFO Listener] Runner execution been cancelled.
